<?xml version="1.0" encoding="UTF-8"?>
<!-- Generated by org.testng.reporters.JUnitXMLReporter -->
<testsuite ignored="1" hostname="DESKTOP-KJ400B0" failures="0" tests="5" name="Test" time="0.041" errors="0" timestamp="2022-11-06T20:32:09 IST">
  <testcase classname="com.service.TestHookMethods" name="test2" time="0.003"/>
  <testcase classname="com.service.OperationTest" name="addTest" time="0.008"/>
  <testcase classname="com.service.OperationTest" name="subTest" time="0.008"/>
  <testcase classname="com.service.OperationTest" name="mulTest" time="0.008"/>
  <testcase classname="com.service.TestHookMethods" name="test1" time="0.005"/>
  <testcase classname="com.service.OperationTest" name="divTest" time="0.0">
    <ignored/>
  </testcase> <!-- divTest -->
</testsuite> <!-- Test -->
