<?xml version="1.0" encoding="UTF-8"?>
<testng-results ignored="0" total="1" passed="1" failed="0" skipped="0">
  <reporter-output>
  </reporter-output>
  <suite started-at="2022-11-12T20:02:30 IST" name="Default suite" finished-at="2022-11-12T20:02:38 IST" duration-ms="8055">
    <groups>
    </groups>
    <test started-at="2022-11-12T20:02:30 IST" name="Default test" finished-at="2022-11-12T20:02:38 IST" duration-ms="8055">
      <class name="com.test.GooglePageTest">
        <test-method is-config="true" signature="beforeClass()[pri:0, instance:com.test.GooglePageTest@1de76cc7]" started-at="2022-11-12T20:02:30 IST" name="beforeClass" finished-at="2022-11-12T20:02:34 IST" duration-ms="3221" status="PASS">
          <reporter-output>
          </reporter-output>
        </test-method> <!-- beforeClass -->
        <test-method signature="googlePageTest()[pri:0, instance:com.test.GooglePageTest@1de76cc7]" started-at="2022-11-12T20:02:34 IST" name="googlePageTest" finished-at="2022-11-12T20:02:38 IST" duration-ms="4804" status="PASS">
          <reporter-output>
          </reporter-output>
        </test-method> <!-- googlePageTest -->
        <test-method is-config="true" signature="afterClass()[pri:0, instance:com.test.GooglePageTest@1de76cc7]" started-at="2022-11-12T20:02:38 IST" name="afterClass" finished-at="2022-11-12T20:02:38 IST" duration-ms="0" status="PASS">
          <reporter-output>
          </reporter-output>
        </test-method> <!-- afterClass -->
      </class> <!-- com.test.GooglePageTest -->
    </test> <!-- Default test -->
  </suite> <!-- Default suite -->
</testng-results>
