<?xml version="1.0" encoding="UTF-8"?>
<testng-results ignored="0" total="1" passed="1" failed="0" skipped="0">
  <reporter-output>
  </reporter-output>
  <suite started-at="2022-11-06T23:18:08 IST" name="Default suite" finished-at="2022-11-06T23:18:10 IST" duration-ms="2371">
    <groups>
    </groups>
    <test started-at="2022-11-06T23:18:08 IST" name="Default test" finished-at="2022-11-06T23:18:10 IST" duration-ms="2371">
      <class name="com.test.LoginPageTest">
        <test-method is-config="true" signature="beforeClass()[pri:0, instance:com.test.LoginPageTest@1de76cc7]" started-at="2022-11-06T23:18:08 IST" name="beforeClass" finished-at="2022-11-06T23:18:10 IST" duration-ms="2049" status="PASS">
          <reporter-output>
          </reporter-output>
        </test-method> <!-- beforeClass -->
        <test-method signature="loginPageTest()[pri:0, instance:com.test.LoginPageTest@1de76cc7]" started-at="2022-11-06T23:18:10 IST" name="loginPageTest" finished-at="2022-11-06T23:18:10 IST" duration-ms="302" status="PASS">
          <reporter-output>
          </reporter-output>
        </test-method> <!-- loginPageTest -->
        <test-method is-config="true" signature="afterClass()[pri:0, instance:com.test.LoginPageTest@1de76cc7]" started-at="2022-11-06T23:18:10 IST" name="afterClass" finished-at="2022-11-06T23:18:10 IST" duration-ms="0" status="PASS">
          <reporter-output>
          </reporter-output>
        </test-method> <!-- afterClass -->
      </class> <!-- com.test.LoginPageTest -->
    </test> <!-- Default test -->
  </suite> <!-- Default suite -->
</testng-results>
