<?xml version="1.0" encoding="UTF-8"?>
<!-- Generated by org.testng.reporters.JUnitXMLReporter -->
<testsuite ignored="0" hostname="DESKTOP-KJ400B0" failures="0" tests="3" name="Default test" time="0.032" errors="0" timestamp="2022-11-06T19:56:11 IST">
  <testcase classname="com.service.CarTest" name="color" time="0.005"/>
  <testcase classname="com.service.CarTest" name="mailage" time="0.001"/>
  <testcase classname="com.service.CarTest" name="speed" time="0.001"/>
</testsuite> <!-- Default test -->
