<?xml version="1.0" encoding="UTF-8"?>
<!-- Generated by org.testng.reporters.JUnitXMLReporter -->
<testsuite ignored="0" hostname="DESKTOP-KJ400B0" failures="0" tests="4" name="Default test" time="0.041" errors="0" timestamp="2022-11-05T20:51:36 IST">
  <testcase classname="com.service.OperationTest" name="addTest" time="0.008"/>
  <testcase classname="com.service.OperationTest" name="divTest" time="0.001"/>
  <testcase classname="com.service.OperationTest" name="mulTest" time="0.001"/>
  <testcase classname="com.service.OperationTest" name="subTest" time="0.0"/>
</testsuite> <!-- Default test -->
