<?xml version="1.0" encoding="UTF-8"?>
<!-- Generated by org.testng.reporters.JUnitXMLReporter -->
<testsuite ignored="4" hostname="DESKTOP-KJ400B0" failures="0" tests="2" name="VTest" time="0.005" errors="0" timestamp="2022-11-06T20:32:09 IST">
  <testcase classname="com.service.CarTest" name="speed" time="0.0"/>
  <testcase classname="com.service.BikeTest" name="speed" time="0.0"/>
  <testcase classname="com.service.CarTest" name="color" time="0.0">
    <ignored/>
  </testcase> <!-- color -->
  <testcase classname="com.service.BikeTest" name="mailage" time="0.0">
    <ignored/>
  </testcase> <!-- mailage -->
  <testcase classname="com.service.BikeTest" name="color" time="0.0">
    <ignored/>
  </testcase> <!-- color -->
  <testcase classname="com.service.CarTest" name="mailage" time="0.0">
    <ignored/>
  </testcase> <!-- mailage -->
</testsuite> <!-- VTest -->
